Realization	utility	week	infra.
0	0	261	7
0	0	1408	12
0	0	1669	8
1	0	261	7
1	0	1408	12
1	0	1669	8
2	0	261	7
2	0	1408	12
2	0	1669	8
3	0	261	7
3	0	1408	12
3	0	1669	8
4	0	261	7
4	0	1304	12
4	0	1565	8
5	0	261	7
5	0	1408	12
5	0	1669	8
6	0	261	7
6	0	1408	12
6	0	1669	8
7	0	261	7
7	0	1408	12
7	0	1669	8
8	0	261	7
8	0	1408	12
8	0	1669	8
9	0	261	7
9	0	1408	12
9	0	1669	8
10	0	261	7
10	0	1408	12
10	0	1669	8
11	0	261	7
11	0	1200	12
11	0	1617	8
12	0	261	7
12	0	1408	12
12	0	1669	8
13	0	261	7
13	0	1408	12
13	0	1669	8
14	0	261	7
14	0	1408	12
14	0	1669	8
15	0	261	7
15	0	1408	12
15	0	1669	8
16	0	261	7
16	0	1408	12
16	0	1669	8
17	0	261	7
17	0	1408	12
17	0	1669	8
18	0	261	7
18	0	1408	12
18	0	1669	8
19	0	261	7
19	0	1408	12
19	0	1669	8
20	0	261	7
20	0	1408	12
20	0	1669	8
21	0	261	7
21	0	1408	12
21	0	1669	8
22	0	261	7
22	0	1408	12
22	0	1669	8
23	0	261	7
23	0	1408	12
23	0	1669	8
24	0	261	7
24	0	1408	12
24	0	1669	8
25	0	261	7
25	0	1148	12
25	0	1617	8
26	0	261	7
26	0	1408	12
26	0	1669	8
27	0	261	7
27	0	1408	12
27	0	1669	8
28	0	261	7
28	0	1408	12
28	0	1669	8
29	0	261	7
29	0	1408	12
29	0	1669	8
30	0	261	7
30	0	1408	12
30	0	1669	8
31	0	261	7
31	0	1408	12
31	0	1669	8
32	0	261	7
32	0	1408	12
32	0	1669	8
33	0	261	7
33	0	1408	12
33	0	1669	8
34	0	261	7
34	0	1408	12
34	0	1669	8
35	0	261	7
35	0	1408	12
35	0	1669	8
36	0	261	7
36	0	1408	12
36	0	1669	8
37	0	261	7
37	0	1408	12
37	0	1669	8
38	0	261	7
38	0	1408	12
38	0	1669	8
39	0	261	7
39	0	1408	12
39	0	1669	8
40	0	261	7
40	0	1408	12
40	0	1669	8
41	0	261	7
41	0	1408	12
41	0	1669	8
42	0	261	7
42	0	1408	12
42	0	1669	8
43	0	261	7
43	0	1408	12
43	0	1669	8
44	0	261	7
44	0	1148	12
44	0	1617	8
45	0	261	7
45	0	1408	12
45	0	1669	8
46	0	261	7
46	0	1408	12
46	0	1669	8
47	0	261	7
47	0	1408	12
47	0	1669	8
48	0	261	7
48	0	1408	12
48	0	1669	8
49	0	261	7
49	0	1408	12
49	0	1669	8
50	0	261	7
50	0	1408	12
50	0	1669	8
51	0	261	7
51	0	1408	12
51	0	1669	8
52	0	261	7
52	0	1408	12
52	0	1669	8
53	0	261	7
53	0	1408	12
53	0	1669	8
54	0	261	7
54	0	1408	12
54	0	1669	8
55	0	261	7
55	0	1408	12
55	0	1669	8
56	0	261	7
56	0	1408	12
56	0	1669	8
57	0	261	7
57	0	1408	12
57	0	1669	8
58	0	261	7
58	0	1408	12
58	0	1669	8
59	0	261	7
59	0	782	12
59	0	1565	8
60	0	261	7
60	0	1408	12
60	0	1669	8
61	0	261	7
61	0	1408	12
61	0	1669	8
62	0	261	7
62	0	1408	12
62	0	1669	8
63	0	261	7
63	0	1408	12
63	0	1669	8
64	0	261	7
64	0	1408	12
64	0	1669	8
65	0	261	7
65	0	1408	12
65	0	1669	8
66	0	261	7
66	0	1408	12
66	0	1669	8
67	0	261	7
67	0	1252	12
67	0	1617	8
68	0	261	7
68	0	678	12
68	0	1200	8
69	0	261	7
69	0	1408	12
69	0	1669	8
70	0	261	7
70	0	1408	12
70	0	1669	8
71	0	261	7
71	0	1408	12
71	0	1669	8
72	0	261	7
72	0	1408	12
72	0	1669	8
73	0	261	7
73	0	1408	12
73	0	1669	8
74	0	261	7
74	0	1408	12
74	0	1669	8
75	0	261	7
75	0	1408	12
75	0	1669	8
76	0	261	7
76	0	1408	12
76	0	1669	8
77	0	261	7
77	0	1408	12
77	0	1669	8
78	0	261	7
78	0	1408	12
78	0	1669	8
79	0	261	7
79	0	1408	12
79	0	1669	8
80	0	261	7
80	0	1408	12
80	0	1669	8
81	0	261	7
81	0	1408	12
81	0	1669	8
82	0	261	7
82	0	1408	12
82	0	1669	8
83	0	261	7
83	0	1408	12
83	0	1669	8
84	0	261	7
84	0	1408	12
84	0	1669	8
85	0	261	7
85	0	1408	12
85	0	1669	8
86	0	261	7
86	0	1408	12
86	0	1669	8
87	0	261	7
87	0	1408	12
87	0	1669	8
88	0	261	7
88	0	1408	12
88	0	1669	8
89	0	261	7
89	0	1408	12
89	0	1669	8
90	0	261	7
90	0	1408	12
90	0	1669	8
91	0	261	7
91	0	1408	12
91	0	1669	8
92	0	261	7
92	0	1408	12
92	0	1669	8
93	0	261	7
93	0	1408	12
93	0	1669	8
94	0	261	7
94	0	1200	12
94	0	1617	8
95	0	261	7
95	0	1252	12
95	0	1617	8
96	0	261	7
96	0	1408	12
96	0	1669	8
97	0	261	7
97	0	1408	12
97	0	1669	8
98	0	261	7
98	0	1148	12
98	0	1617	8
99	0	261	7
99	0	1408	12
99	0	1669	8
100	0	261	7
100	0	1408	12
100	0	1669	8
101	0	261	7
101	0	1408	12
101	0	1669	8
102	0	261	7
102	0	1408	12
102	0	1669	8
103	0	261	7
103	0	1408	12
103	0	1669	8
104	0	261	7
104	0	1408	12
104	0	1669	8
105	0	261	7
105	0	1408	12
105	0	1669	8
106	0	261	7
106	0	1408	12
106	0	1669	8
107	0	261	7
107	0	1408	12
107	0	1669	8
108	0	261	7
108	0	1408	12
108	0	1669	8
109	0	261	7
109	0	991	12
109	0	1617	8
110	0	261	7
110	0	1304	12
110	0	1617	8
111	0	261	7
111	0	1408	12
111	0	1669	8
112	0	261	7
112	0	1408	12
112	0	1669	8
113	0	261	7
113	0	1408	12
113	0	1669	8
114	0	261	7
114	0	1408	12
114	0	1669	8
115	0	261	7
115	0	1408	12
115	0	1669	8
116	0	261	7
116	0	1408	12
116	0	1669	8
117	0	261	7
117	0	1408	12
117	0	1669	8
118	0	261	7
118	0	1408	12
118	0	1669	8
119	0	261	7
119	0	1304	12
119	0	1565	8
120	0	261	7
120	0	1408	12
120	0	1669	8
121	0	261	7
121	0	1408	12
121	0	1669	8
122	0	261	7
122	0	1408	12
122	0	1669	8
123	0	261	7
123	0	1408	12
123	0	1669	8
124	0	261	7
124	0	1408	12
124	0	1669	8
125	0	261	7
125	0	1408	12
125	0	1669	8
126	0	261	7
126	0	1148	12
126	0	1617	8
127	0	261	7
127	0	1408	12
127	0	1669	8
128	0	261	7
128	0	1408	12
128	0	1669	8
129	0	261	7
129	0	1408	12
129	0	1669	8
130	0	261	7
130	0	1408	12
130	0	1669	8
131	0	261	7
131	0	1408	12
131	0	1669	8
132	0	261	7
132	0	1252	12
132	0	1513	8
133	0	261	7
133	0	1408	12
133	0	1669	8
134	0	261	7
134	0	1408	12
134	0	1669	8
135	0	261	7
135	0	991	12
135	0	1252	8
136	0	261	7
136	0	1304	12
136	0	1617	8
137	0	261	7
137	0	1408	12
137	0	1669	8
138	0	261	7
138	0	1408	12
138	0	1669	8
139	0	261	7
139	0	1408	12
139	0	1669	8
140	0	261	7
140	0	1200	12
140	0	1617	8
141	0	261	7
141	0	1408	12
141	0	1669	8
142	0	261	7
142	0	1043	12
142	0	1304	8
143	0	261	7
143	0	1408	12
143	0	1669	8
144	0	261	7
144	0	1408	12
144	0	1669	8
145	0	261	7
145	0	1408	12
145	0	1669	8
146	0	261	7
146	0	1408	12
146	0	1669	8
147	0	261	7
147	0	1408	12
147	0	1669	8
148	0	261	7
148	0	1148	12
148	0	1408	8
149	0	261	7
149	0	1408	12
149	0	1669	8
150	0	261	7
150	0	1408	12
150	0	1669	8
151	0	261	7
151	0	1408	12
151	0	1669	8
152	0	261	7
152	0	1408	12
152	0	1669	8
153	0	261	7
153	0	1408	12
153	0	1669	8
154	0	261	7
154	0	1408	12
154	0	1669	8
155	0	261	7
155	0	1408	12
155	0	1669	8
156	0	261	7
156	0	1408	12
156	0	1669	8
157	0	261	7
157	0	1408	12
157	0	1669	8
158	0	261	7
158	0	1408	12
158	0	1669	8
159	0	261	7
159	0	1408	12
159	0	1669	8
160	0	261	7
160	0	1408	12
160	0	1669	8
161	0	261	7
161	0	1408	12
161	0	1669	8
162	0	261	7
162	0	887	12
162	0	1617	8
163	0	261	7
163	0	1408	12
163	0	1669	8
164	0	261	7
164	0	1408	12
164	0	1669	8
165	0	261	7
165	0	1408	12
165	0	1669	8
166	0	261	7
166	0	1408	12
166	0	1669	8
167	0	261	7
167	0	887	12
167	0	1252	8
168	0	261	7
168	0	1408	12
168	0	1669	8
169	0	261	7
169	0	1408	12
169	0	1669	8
170	0	261	7
170	0	1408	12
170	0	1669	8
171	0	261	7
171	0	1095	12
171	0	1356	8
172	0	261	7
172	0	1408	12
172	0	1669	8
173	0	261	7
173	0	1408	12
173	0	1669	8
174	0	261	7
174	0	1408	12
174	0	1669	8
175	0	261	7
175	0	1408	12
175	0	1669	8
176	0	261	7
176	0	1408	12
176	0	1669	8
177	0	261	7
177	0	1408	12
177	0	1669	8
178	0	261	7
178	0	1408	12
178	0	1669	8
179	0	261	7
179	0	1408	12
179	0	1669	8
180	0	261	7
180	0	1408	12
180	0	1669	8
181	0	261	7
181	0	1408	12
181	0	1669	8
182	0	261	7
182	0	1408	12
182	0	1669	8
183	0	261	7
183	0	1408	12
183	0	1669	8
184	0	261	7
184	0	1408	12
184	0	1669	8
185	0	261	7
185	0	1408	12
185	0	1669	8
186	0	261	7
186	0	1408	12
186	0	1669	8
187	0	261	7
187	0	1356	12
187	0	1617	8
188	0	261	7
188	0	1408	12
188	0	1669	8
189	0	261	7
189	0	1408	12
189	0	1669	8
190	0	261	7
190	0	1408	12
190	0	1669	8
191	0	261	7
191	0	1252	12
191	0	1617	8
192	0	261	7
192	0	1408	12
192	0	1669	8
193	0	261	7
193	0	1408	12
193	0	1669	8
194	0	261	7
194	0	1408	12
194	0	1669	8
195	0	261	7
195	0	1408	12
195	0	1669	8
196	0	261	7
196	0	1408	12
196	0	1669	8
197	0	261	7
197	0	1408	12
197	0	1669	8
198	0	261	7
198	0	1408	12
198	0	1669	8
199	0	261	7
199	0	1408	12
199	0	1669	8
200	0	261	7
200	0	521	12
200	0	782	8
201	0	261	7
201	0	1408	12
201	0	1669	8
202	0	261	7
202	0	1408	12
202	0	1669	8
203	0	261	7
203	0	1408	12
203	0	1669	8
204	0	261	7
204	0	1408	12
204	0	1669	8
205	0	261	7
205	0	1304	12
205	0	1565	8
206	0	261	7
206	0	1408	12
206	0	1669	8
207	0	261	7
207	0	1408	12
207	0	1669	8
208	0	261	7
208	0	1408	12
208	0	1669	8
209	0	261	7
209	0	1200	12
209	0	1617	8
210	0	261	7
210	0	1408	12
210	0	1669	8
211	0	261	7
211	0	1043	12
211	0	1617	8
212	0	261	7
212	0	1408	12
212	0	1669	8
213	0	261	7
213	0	1408	12
213	0	1669	8
214	0	261	7
214	0	1408	12
214	0	1669	8
215	0	261	7
215	0	1408	12
215	0	1669	8
216	0	261	7
216	0	1408	12
216	0	1669	8
217	0	261	7
217	0	1408	12
217	0	1669	8
218	0	261	7
218	0	1408	12
218	0	1669	8
219	0	261	7
219	0	1408	12
219	0	1669	8
220	0	261	7
220	0	1408	12
220	0	1669	8
221	0	261	7
221	0	1408	12
221	0	1669	8
222	0	261	7
222	0	1408	12
222	0	1669	8
223	0	261	7
223	0	1408	12
223	0	1669	8
224	0	261	7
224	0	1408	12
224	0	1669	8
225	0	261	7
225	0	1408	12
225	0	1669	8
226	0	261	7
226	0	1408	12
226	0	1669	8
227	0	261	7
227	0	1408	12
227	0	1669	8
228	0	261	7
228	0	1408	12
228	0	1669	8
229	0	261	7
229	0	1408	12
229	0	1669	8
230	0	261	7
230	0	1252	12
230	0	1617	8
231	0	261	7
231	0	1408	12
231	0	1669	8
232	0	261	7
232	0	1408	12
232	0	1669	8
233	0	261	7
233	0	1408	12
233	0	1669	8
234	0	261	7
234	0	1408	12
234	0	1669	8
235	0	261	7
235	0	1304	12
235	0	1617	8
236	0	261	7
236	0	1408	12
236	0	1669	8
237	0	261	7
237	0	1408	12
237	0	1669	8
238	0	261	7
238	0	1408	12
238	0	1669	8
239	0	261	7
239	0	1408	12
239	0	1669	8
240	0	261	7
240	0	1408	12
240	0	1669	8
241	0	261	7
241	0	1408	12
241	0	1669	8
242	0	261	7
242	0	1408	12
242	0	1669	8
243	0	261	7
243	0	1408	12
243	0	1669	8
244	0	261	7
244	0	1408	12
244	0	1669	8
245	0	261	7
245	0	1408	12
245	0	1669	8
246	0	261	7
246	0	782	12
246	0	1304	8
247	0	261	7
247	0	1408	12
247	0	1669	8
248	0	261	7
248	0	1408	12
248	0	1669	8
249	0	261	7
249	0	521	12
249	0	834	8
250	0	261	7
250	0	1408	12
250	0	1669	8
251	0	261	7
251	0	1408	12
251	0	1669	8
252	0	261	7
252	0	1408	12
252	0	1669	8
253	0	261	7
253	0	1408	12
253	0	1669	8
254	0	261	7
254	0	1408	12
254	0	1669	8
255	0	261	7
255	0	1408	12
255	0	1669	8
256	0	261	7
256	0	1408	12
256	0	1669	8
257	0	261	7
257	0	1408	12
257	0	1669	8
258	0	261	7
258	0	1408	12
258	0	1669	8
259	0	261	7
259	0	1408	12
259	0	1669	8
260	0	261	7
260	0	1408	12
260	0	1669	8
261	0	261	7
261	0	1408	12
261	0	1669	8
262	0	261	7
262	0	1408	12
262	0	1669	8
263	0	261	7
263	0	1408	12
263	0	1669	8
264	0	261	7
264	0	1408	12
264	0	1669	8
265	0	261	7
265	0	1408	12
265	0	1669	8
266	0	261	7
266	0	1356	12
266	0	1617	8
267	0	261	7
267	0	730	12
267	0	1617	8
268	0	261	7
268	0	1408	12
268	0	1669	8
269	0	261	7
269	0	1408	12
269	0	1669	8
270	0	261	7
270	0	1408	12
270	0	1669	8
271	0	261	7
271	0	1408	12
271	0	1669	8
272	0	261	7
272	0	1408	12
272	0	1669	8
273	0	261	7
273	0	1408	12
273	0	1669	8
274	0	261	7
274	0	1408	12
274	0	1669	8
275	0	261	7
275	0	1408	12
275	0	1669	8
276	0	261	7
276	0	1408	12
276	0	1669	8
277	0	261	7
277	0	1408	12
277	0	1669	8
278	0	261	7
278	0	1408	12
278	0	1669	8
279	0	261	7
279	0	1408	12
279	0	1669	8
280	0	261	7
280	0	1408	12
280	0	1669	8
281	0	261	7
281	0	1408	12
281	0	1669	8
282	0	261	7
282	0	1304	12
282	0	1565	8
283	0	261	7
283	0	1408	12
283	0	1669	8
284	0	261	7
284	0	939	12
284	0	1617	8
285	0	261	7
285	0	1408	12
285	0	1669	8
286	0	261	7
286	0	1408	12
286	0	1669	8
287	0	261	7
287	0	1408	12
287	0	1669	8
288	0	261	7
288	0	1408	12
288	0	1669	8
289	0	261	7
289	0	1408	12
289	0	1669	8
290	0	261	7
290	0	1408	12
290	0	1669	8
291	0	261	7
291	0	1408	12
291	0	1669	8
292	0	261	7
292	0	730	12
292	0	991	8
293	0	261	7
293	0	1408	12
293	0	1669	8
294	0	261	7
294	0	1408	12
294	0	1669	8
295	0	261	7
295	0	1408	12
295	0	1669	8
296	0	261	7
296	0	1408	12
296	0	1669	8
297	0	261	7
297	0	1408	12
297	0	1669	8
298	0	261	7
298	0	1408	12
298	0	1669	8
299	0	261	7
299	0	1408	12
299	0	1669	8
300	0	261	7
300	0	1408	12
300	0	1669	8
301	0	261	7
301	0	1408	12
301	0	1669	8
302	0	261	7
302	0	1356	12
302	0	1617	8
303	0	261	7
303	0	1408	12
303	0	1669	8
304	0	261	7
304	0	1408	12
304	0	1669	8
305	0	261	7
305	0	1408	12
305	0	1669	8
306	0	261	7
306	0	1408	12
306	0	1669	8
307	0	261	7
307	0	1408	12
307	0	1669	8
308	0	261	7
308	0	1408	12
308	0	1669	8
309	0	261	7
309	0	1408	12
309	0	1669	8
310	0	261	7
310	0	1408	12
310	0	1669	8
311	0	261	7
311	0	1408	12
311	0	1669	8
312	0	261	7
312	0	1408	12
312	0	1669	8
313	0	261	7
313	0	1408	12
313	0	1669	8
314	0	261	7
314	0	1408	12
314	0	1669	8
315	0	261	7
315	0	1095	12
315	0	1408	8
316	0	261	7
316	0	1408	12
316	0	1669	8
317	0	261	7
317	0	1408	12
317	0	1669	8
318	0	261	7
318	0	1408	12
318	0	1669	8
319	0	261	7
319	0	1408	12
319	0	1669	8
320	0	261	7
320	0	1408	12
320	0	1669	8
321	0	261	7
321	0	1408	12
321	0	1669	8
322	0	261	7
322	0	1408	12
322	0	1669	8
323	0	261	7
323	0	1408	12
323	0	1669	8
324	0	261	7
324	0	1408	12
324	0	1669	8
325	0	261	7
325	0	1304	12
325	0	1565	8
326	0	261	7
326	0	1043	12
326	0	1304	8
327	0	261	7
327	0	1408	12
327	0	1669	8
328	0	261	7
328	0	1408	12
328	0	1669	8
329	0	261	7
329	0	1408	12
329	0	1669	8
330	0	261	7
330	0	1408	12
330	0	1669	8
331	0	261	7
331	0	1408	12
331	0	1669	8
332	0	261	7
332	0	1408	12
332	0	1669	8
333	0	261	7
333	0	1408	12
333	0	1669	8
334	0	261	7
334	0	1408	12
334	0	1669	8
335	0	261	7
335	0	1408	12
335	0	1669	8
336	0	261	7
336	0	1148	12
336	0	1461	8
337	0	261	7
337	0	1408	12
337	0	1669	8
338	0	261	7
338	0	1408	12
338	0	1669	8
339	0	261	7
339	0	1408	12
339	0	1669	8
340	0	261	7
340	0	1408	12
340	0	1669	8
341	0	261	7
341	0	1408	12
341	0	1669	8
342	0	261	7
342	0	887	12
342	0	1252	8
343	0	261	7
343	0	1408	12
343	0	1669	8
344	0	261	7
344	0	1408	12
344	0	1669	8
345	0	261	7
345	0	1408	12
345	0	1669	8
346	0	261	7
346	0	1408	12
346	0	1669	8
347	0	261	7
347	0	1408	12
347	0	1669	8
348	0	261	7
348	0	1408	12
348	0	1669	8
349	0	261	7
349	0	1408	12
349	0	1669	8
350	0	261	7
350	0	1304	12
350	0	1617	8
351	0	261	7
351	0	1408	12
351	0	1669	8
352	0	261	7
352	0	1408	12
352	0	1669	8
353	0	261	7
353	0	1148	12
353	0	1408	8
354	0	261	7
354	0	1408	12
354	0	1669	8
355	0	261	7
355	0	1408	12
355	0	1669	8
356	0	261	7
356	0	1408	12
356	0	1669	8
357	0	261	7
357	0	1148	12
357	0	1617	8
358	0	261	7
358	0	1408	12
358	0	1669	8
359	0	261	7
359	0	1304	12
359	0	1617	8
360	0	261	7
360	0	1408	12
360	0	1669	8
361	0	261	7
361	0	1408	12
361	0	1669	8
362	0	261	7
362	0	1408	12
362	0	1669	8
363	0	261	7
363	0	1408	12
363	0	1669	8
364	0	261	7
364	0	1408	12
364	0	1669	8
365	0	261	7
365	0	1408	12
365	0	1669	8
366	0	261	7
366	0	1408	12
366	0	1669	8
367	0	261	7
367	0	1408	12
367	0	1669	8
368	0	261	7
368	0	1408	12
368	0	1669	8
369	0	261	7
369	0	1408	12
369	0	1669	8
370	0	261	7
370	0	1408	12
370	0	1669	8
371	0	261	7
371	0	1408	12
371	0	1669	8
372	0	261	7
372	0	1408	12
372	0	1669	8
373	0	261	7
373	0	1408	12
373	0	1669	8
374	0	261	7
374	0	1408	12
374	0	1669	8
375	0	261	7
375	0	1408	12
375	0	1669	8
376	0	261	7
376	0	991	12
376	0	1617	8
377	0	261	7
377	0	1408	12
377	0	1669	8
378	0	261	7
378	0	1408	12
378	0	1669	8
379	0	261	7
379	0	1408	12
379	0	1669	8
380	0	261	7
380	0	1408	12
380	0	1669	8
381	0	261	7
381	0	1408	12
381	0	1669	8
382	0	261	7
382	0	1408	12
382	0	1669	8
383	0	261	7
383	0	1408	12
383	0	1669	8
384	0	261	7
384	0	1408	12
384	0	1669	8
385	0	261	7
385	0	1408	12
385	0	1669	8
386	0	261	7
386	0	1408	12
386	0	1669	8
387	0	261	7
387	0	1200	12
387	0	1617	8
388	0	261	7
388	0	1408	12
388	0	1669	8
389	0	261	7
389	0	1408	12
389	0	1669	8
390	0	261	7
390	0	521	12
390	0	782	8
391	0	261	7
391	0	1408	12
391	0	1669	8
392	0	261	7
392	0	1408	12
392	0	1669	8
393	0	261	7
393	0	1408	12
393	0	1669	8
394	0	261	7
394	0	1408	12
394	0	1669	8
395	0	261	7
395	0	1408	12
395	0	1669	8
396	0	261	7
396	0	1408	12
396	0	1669	8
397	0	261	7
397	0	1408	12
397	0	1669	8
398	0	261	7
398	0	1043	12
398	0	1304	8
399	0	261	7
399	0	1408	12
399	0	1669	8
400	0	261	7
400	0	1408	12
400	0	1669	8
401	0	261	7
401	0	1408	12
401	0	1669	8
402	0	261	7
402	0	1408	12
402	0	1669	8
403	0	261	7
403	0	1408	12
403	0	1669	8
404	0	261	7
404	0	1408	12
404	0	1669	8
405	0	261	7
405	0	1408	12
405	0	1669	8
406	0	261	7
406	0	1408	12
406	0	1669	8
407	0	261	7
407	0	1408	12
407	0	1669	8
408	0	261	7
408	0	1408	12
408	0	1669	8
409	0	261	7
409	0	1408	12
409	0	1669	8
410	0	261	7
410	0	1408	12
410	0	1669	8
411	0	261	7
411	0	1408	12
411	0	1669	8
412	0	261	7
412	0	1408	12
412	0	1669	8
413	0	261	7
413	0	1408	12
413	0	1669	8
414	0	261	7
414	0	1408	12
414	0	1669	8
415	0	261	7
415	0	1095	12
415	0	1356	8
416	0	261	7
416	0	939	12
416	0	1617	8
417	0	261	7
417	0	1408	12
417	0	1669	8
418	0	261	7
418	0	1408	12
418	0	1669	8
419	0	261	7
419	0	991	12
419	0	1252	8
420	0	261	7
420	0	1408	12
420	0	1669	8
421	0	261	7
421	0	1408	12
421	0	1669	8
422	0	261	7
422	0	1408	12
422	0	1669	8
423	0	261	7
423	0	1408	12
423	0	1669	8
424	0	261	7
424	0	1408	12
424	0	1669	8
425	0	261	7
425	0	1408	12
425	0	1669	8
426	0	261	7
426	0	1304	12
426	0	1617	8
427	0	261	7
427	0	1408	12
427	0	1669	8
428	0	261	7
428	0	1408	12
428	0	1669	8
429	0	261	7
429	0	730	12
429	0	991	8
430	0	261	7
430	0	1408	12
430	0	1669	8
431	0	261	7
431	0	887	12
431	0	1617	8
432	0	261	7
432	0	1408	12
432	0	1669	8
433	0	261	7
433	0	1408	12
433	0	1669	8
434	0	261	7
434	0	939	12
434	0	1200	8
435	0	261	7
435	0	1408	12
435	0	1669	8
436	0	261	7
436	0	1408	12
436	0	1669	8
437	0	261	7
437	0	1408	12
437	0	1669	8
438	0	261	7
438	0	1408	12
438	0	1669	8
439	0	261	7
439	0	1408	12
439	0	1669	8
440	0	261	7
440	0	1252	12
440	0	1617	8
441	0	261	7
441	0	887	12
441	0	1252	8
442	0	261	7
442	0	1408	12
442	0	1669	8
443	0	261	7
443	0	1408	12
443	0	1669	8
444	0	261	7
444	0	1408	12
444	0	1669	8
445	0	261	7
445	0	1408	12
445	0	1669	8
446	0	261	7
446	0	1252	12
446	0	1513	8
447	0	261	7
447	0	1408	12
447	0	1669	8
448	0	261	7
448	0	1408	12
448	0	1669	8
449	0	261	7
449	0	1408	12
449	0	1669	8
450	0	261	7
450	0	1408	12
450	0	1669	8
451	0	261	7
451	0	1408	12
451	0	1669	8
452	0	261	7
452	0	1408	12
452	0	1669	8
453	0	261	7
453	0	1408	12
453	0	1669	8
454	0	261	7
454	0	1408	12
454	0	1669	8
455	0	261	7
455	0	834	12
455	0	1565	8
456	0	261	7
456	0	1408	12
456	0	1669	8
457	0	261	7
457	0	1408	12
457	0	1669	8
458	0	261	7
458	0	1408	12
458	0	1669	8
459	0	261	7
459	0	1408	12
459	0	1669	8
460	0	261	7
460	0	1408	12
460	0	1669	8
461	0	261	7
461	0	1408	12
461	0	1669	8
462	0	261	7
462	0	1252	12
462	0	1617	8
463	0	261	7
463	0	1043	12
463	0	1617	8
464	0	261	7
464	0	521	12
464	0	1252	8
465	0	261	7
465	0	1408	12
465	0	1669	8
466	0	261	7
466	0	1408	12
466	0	1669	8
467	0	261	7
467	0	1408	12
467	0	1669	8
468	0	261	7
468	0	1408	12
468	0	1669	8
469	0	261	7
469	0	1408	12
469	0	1669	8
470	0	261	7
470	0	1408	12
470	0	1669	8
471	0	261	7
471	0	1408	12
471	0	1669	8
472	0	261	7
472	0	1408	12
472	0	1669	8
473	0	261	7
473	0	1408	12
473	0	1669	8
474	0	261	7
474	0	1408	12
474	0	1669	8
475	0	261	7
475	0	939	12
475	0	1565	8
476	0	261	7
476	0	939	12
476	0	1617	8
477	0	261	7
477	0	1408	12
477	0	1669	8
478	0	261	7
478	0	1408	12
478	0	1669	8
479	0	261	7
479	0	1408	12
479	0	1669	8
480	0	261	7
480	0	1408	12
480	0	1669	8
481	0	261	7
481	0	1408	12
481	0	1669	8
482	0	261	7
482	0	1408	12
482	0	1669	8
483	0	261	7
483	0	1408	12
483	0	1669	8
484	0	261	7
484	0	1408	12
484	0	1669	8
485	0	261	7
485	0	1408	12
485	0	1669	8
486	0	261	7
486	0	1356	12
486	0	1617	8
487	0	261	7
487	0	991	12
487	0	1617	8
488	0	261	7
488	0	1408	12
488	0	1669	8
489	0	261	7
489	0	1408	12
489	0	1669	8
490	0	261	7
490	0	1408	12
490	0	1669	8
491	0	261	7
491	0	1408	12
491	0	1669	8
492	0	261	7
492	0	1408	12
492	0	1669	8
493	0	261	7
493	0	1408	12
493	0	1669	8
494	0	261	7
494	0	1408	12
494	0	1669	8
495	0	261	7
495	0	1408	12
495	0	1669	8
496	0	261	7
496	0	1408	12
496	0	1669	8
497	0	261	7
497	0	1408	12
497	0	1669	8
498	0	261	7
498	0	1043	12
498	0	1304	8
499	0	261	7
499	0	1408	12
499	0	1669	8
500	0	261	7
500	0	1408	12
500	0	1669	8
501	0	261	7
501	0	1408	12
501	0	1669	8
502	0	261	7
502	0	1408	12
502	0	1669	8
503	0	261	7
503	0	1408	12
503	0	1669	8
504	0	261	7
504	0	1200	12
504	0	1617	8
505	0	261	7
505	0	1408	12
505	0	1669	8
506	0	261	7
506	0	1408	12
506	0	1669	8
507	0	261	7
507	0	1408	12
507	0	1669	8
508	0	261	7
508	0	1408	12
508	0	1669	8
509	0	261	7
509	0	1408	12
509	0	1669	8
510	0	261	7
510	0	1408	12
510	0	1669	8
511	0	261	7
511	0	1408	12
511	0	1669	8
512	0	261	7
512	0	1408	12
512	0	1669	8
513	0	261	7
513	0	1408	12
513	0	1669	8
514	0	261	7
514	0	1408	12
514	0	1669	8
515	0	261	7
515	0	1408	12
515	0	1669	8
516	0	261	7
516	0	1408	12
516	0	1669	8
517	0	261	7
517	0	1408	12
517	0	1669	8
518	0	261	7
518	0	1200	12
518	0	1617	8
519	0	261	7
519	0	1408	12
519	0	1669	8
520	0	261	7
520	0	1408	12
520	0	1669	8
521	0	261	7
521	0	1408	12
521	0	1669	8
522	0	261	7
522	0	1408	12
522	0	1669	8
523	0	261	7
523	0	1408	12
523	0	1669	8
524	0	261	7
524	0	1408	12
524	0	1669	8
525	0	261	7
525	0	1408	12
525	0	1669	8
526	0	261	7
526	0	1356	12
526	0	1617	8
527	0	261	7
527	0	1356	12
527	0	1617	8
528	0	261	7
528	0	1408	12
528	0	1669	8
529	0	261	7
529	0	1408	12
529	0	1669	8
530	0	261	7
530	0	1408	12
530	0	1669	8
531	0	261	7
531	0	1408	12
531	0	1669	8
532	0	261	7
532	0	1408	12
532	0	1669	8
533	0	261	7
533	0	991	12
533	0	1617	8
534	0	261	7
534	0	1408	12
534	0	1669	8
535	0	261	7
535	0	1200	12
535	0	1461	8
536	0	261	7
536	0	1408	12
536	0	1669	8
537	0	261	7
537	0	730	12
537	0	1252	8
538	0	261	7
538	0	1408	12
538	0	1669	8
539	0	261	7
539	0	1408	12
539	0	1669	8
540	0	261	7
540	0	1408	12
540	0	1669	8
541	0	261	7
541	0	1408	12
541	0	1669	8
542	0	261	7
542	0	1408	12
542	0	1669	8
543	0	261	7
543	0	1408	12
543	0	1669	8
544	0	261	7
544	0	678	12
544	0	939	8
545	0	261	7
545	0	1408	12
545	0	1669	8
546	0	261	7
546	0	1408	12
546	0	1669	8
547	0	261	7
547	0	1356	12
547	0	1617	8
548	0	261	7
548	0	1408	12
548	0	1669	8
549	0	261	7
549	0	1408	12
549	0	1669	8
550	0	261	7
550	0	1408	12
550	0	1669	8
551	0	261	7
551	0	1408	12
551	0	1669	8
552	0	261	7
552	0	1408	12
552	0	1669	8
553	0	261	7
553	0	1408	12
553	0	1669	8
554	0	261	7
554	0	1408	12
554	0	1669	8
555	0	261	7
555	0	1408	12
555	0	1669	8
556	0	261	7
556	0	1408	12
556	0	1669	8
557	0	261	7
557	0	1408	12
557	0	1669	8
558	0	261	7
558	0	1408	12
558	0	1669	8
559	0	261	7
559	0	1408	12
559	0	1669	8
560	0	261	7
560	0	1408	12
560	0	1669	8
561	0	261	7
561	0	1408	12
561	0	1669	8
562	0	261	7
562	0	1408	12
562	0	1669	8
563	0	261	7
563	0	1408	12
563	0	1669	8
564	0	261	7
564	0	1408	12
564	0	1669	8
565	0	261	7
565	0	1408	12
565	0	1669	8
566	0	261	7
566	0	1043	12
566	0	1617	8
567	0	261	7
567	0	1408	12
567	0	1669	8
568	0	261	7
568	0	574	12
568	0	834	8
569	0	261	7
569	0	1408	12
569	0	1669	8
570	0	261	7
570	0	1408	12
570	0	1669	8
571	0	261	7
571	0	1200	12
571	0	1617	8
572	0	261	7
572	0	1408	12
572	0	1669	8
573	0	261	7
573	0	1408	12
573	0	1669	8
574	0	261	7
574	0	1408	12
574	0	1669	8
575	0	261	7
575	0	1408	12
575	0	1669	8
576	0	261	7
576	0	1408	12
576	0	1669	8
577	0	261	7
577	0	1408	12
577	0	1669	8
578	0	261	7
578	0	1408	12
578	0	1669	8
579	0	261	7
579	0	1408	12
579	0	1669	8
580	0	261	7
580	0	1408	12
580	0	1669	8
581	0	261	7
581	0	1408	12
581	0	1669	8
582	0	261	7
582	0	1408	12
582	0	1669	8
583	0	261	7
583	0	1408	12
583	0	1669	8
584	0	261	7
584	0	1408	12
584	0	1669	8
585	0	261	7
585	0	1408	12
585	0	1669	8
586	0	261	7
586	0	1408	12
586	0	1669	8
587	0	261	7
587	0	1408	12
587	0	1669	8
588	0	261	7
588	0	1408	12
588	0	1669	8
589	0	261	7
589	0	1408	12
589	0	1669	8
590	0	261	7
590	0	1408	12
590	0	1669	8
591	0	261	7
591	0	1408	12
591	0	1669	8
592	0	261	7
592	0	1408	12
592	0	1669	8
593	0	261	7
593	0	1408	12
593	0	1669	8
594	0	261	7
594	0	1408	12
594	0	1669	8
595	0	261	7
595	0	1408	12
595	0	1669	8
596	0	261	7
596	0	1408	12
596	0	1669	8
597	0	261	7
597	0	1408	12
597	0	1669	8
598	0	261	7
598	0	1408	12
598	0	1669	8
599	0	261	7
599	0	887	12
599	0	1617	8
600	0	261	7
600	0	1252	12
600	0	1617	8
601	0	261	7
601	0	1408	12
601	0	1669	8
602	0	261	7
602	0	1200	12
602	0	1617	8
603	0	261	7
603	0	1408	12
603	0	1669	8
604	0	261	7
604	0	1408	12
604	0	1669	8
605	0	261	7
605	0	1408	12
605	0	1669	8
606	0	261	7
606	0	1408	12
606	0	1669	8
607	0	261	7
607	0	678	12
607	0	1252	8
608	0	261	7
608	0	1408	12
608	0	1669	8
609	0	261	7
609	0	1408	12
609	0	1669	8
610	0	261	7
610	0	1408	12
610	0	1669	8
611	0	261	7
611	0	1408	12
611	0	1669	8
612	0	261	7
612	0	1408	12
612	0	1669	8
613	0	261	7
613	0	1408	12
613	0	1669	8
614	0	261	7
614	0	1408	12
614	0	1669	8
615	0	261	7
615	0	1408	12
615	0	1669	8
616	0	261	7
616	0	1408	12
616	0	1669	8
617	0	261	7
617	0	1408	12
617	0	1669	8
618	0	261	7
618	0	1408	12
618	0	1669	8
619	0	261	7
619	0	1408	12
619	0	1669	8
620	0	261	7
620	0	1408	12
620	0	1669	8
621	0	261	7
621	0	1408	12
621	0	1669	8
622	0	261	7
622	0	1408	12
622	0	1669	8
623	0	261	7
623	0	1148	12
623	0	1408	8
624	0	261	7
624	0	1408	12
624	0	1669	8
625	0	261	7
625	0	1408	12
625	0	1669	8
626	0	261	7
626	0	1408	12
626	0	1669	8
627	0	261	7
627	0	1408	12
627	0	1669	8
628	0	261	7
628	0	1043	12
628	0	1617	8
629	0	261	7
629	0	1408	12
629	0	1669	8
630	0	261	7
630	0	1408	12
630	0	1669	8
631	0	261	7
631	0	1408	12
631	0	1669	8
632	0	261	7
632	0	1408	12
632	0	1669	8
633	0	261	7
633	0	1304	12
633	0	1617	8
634	0	261	7
634	0	1408	12
634	0	1669	8
635	0	261	7
635	0	1408	12
635	0	1669	8
636	0	261	7
636	0	1408	12
636	0	1669	8
637	0	261	7
637	0	1408	12
637	0	1669	8
638	0	261	7
638	0	1408	12
638	0	1669	8
639	0	261	7
639	0	1408	12
639	0	1669	8
640	0	261	7
640	0	1043	12
640	0	1617	8
641	0	261	7
641	0	1408	12
641	0	1669	8
642	0	261	7
642	0	1408	12
642	0	1669	8
643	0	261	7
643	0	1408	12
643	0	1669	8
644	0	261	7
644	0	1408	12
644	0	1669	8
645	0	261	7
645	0	1408	12
645	0	1669	8
646	0	261	7
646	0	1408	12
646	0	1669	8
647	0	261	7
647	0	1408	12
647	0	1669	8
648	0	261	7
648	0	1408	12
648	0	1669	8
649	0	261	7
649	0	1043	12
649	0	1304	8
650	0	261	7
650	0	939	12
650	0	1304	8
651	0	261	7
651	0	730	12
651	0	991	8
652	0	261	7
652	0	1408	12
652	0	1669	8
653	0	261	7
653	0	1408	12
653	0	1669	8
654	0	261	7
654	0	1408	12
654	0	1669	8
655	0	261	7
655	0	1408	12
655	0	1669	8
656	0	261	7
656	0	1408	12
656	0	1669	8
657	0	261	7
657	0	1408	12
657	0	1669	8
658	0	261	7
658	0	1356	12
658	0	1617	8
659	0	261	7
659	0	1408	12
659	0	1669	8
660	0	261	7
660	0	1408	12
660	0	1669	8
661	0	261	7
661	0	1304	12
661	0	1617	8
662	0	261	7
662	0	1148	12
662	0	1617	8
663	0	261	7
663	0	1408	12
663	0	1669	8
664	0	261	7
664	0	1408	12
664	0	1669	8
665	0	261	7
665	0	1408	12
665	0	1669	8
666	0	261	7
666	0	1408	12
666	0	1669	8
667	0	261	7
667	0	939	12
667	0	1565	8
668	0	261	7
668	0	1408	12
668	0	1669	8
669	0	261	7
669	0	1408	12
669	0	1669	8
670	0	261	7
670	0	1408	12
670	0	1669	8
671	0	261	7
671	0	1408	12
671	0	1669	8
672	0	261	7
672	0	1408	12
672	0	1669	8
673	0	261	7
673	0	1408	12
673	0	1669	8
674	0	261	7
674	0	1408	12
674	0	1669	8
675	0	261	7
675	0	1408	12
675	0	1669	8
676	0	261	7
676	0	1408	12
676	0	1669	8
677	0	261	7
677	0	1408	12
677	0	1669	8
678	0	261	7
678	0	1043	12
678	0	1304	8
679	0	261	7
679	0	1408	12
679	0	1669	8
680	0	261	7
680	0	1408	12
680	0	1669	8
681	0	261	7
681	0	1408	12
681	0	1669	8
682	0	261	7
682	0	1408	12
682	0	1669	8
683	0	261	7
683	0	1408	12
683	0	1669	8
684	0	261	7
684	0	1408	12
684	0	1669	8
685	0	261	7
685	0	1408	12
685	0	1669	8
686	0	261	7
686	0	521	12
686	0	782	8
687	0	261	7
687	0	1408	12
687	0	1669	8
688	0	261	7
688	0	1408	12
688	0	1669	8
689	0	261	7
689	0	1408	12
689	0	1669	8
690	0	261	7
690	0	1408	12
690	0	1669	8
691	0	261	7
691	0	1408	12
691	0	1669	8
692	0	261	7
692	0	1408	12
692	0	1669	8
693	0	261	7
693	0	1408	12
693	0	1669	8
694	0	261	7
694	0	1408	12
694	0	1669	8
695	0	261	7
695	0	1408	12
695	0	1669	8
696	0	261	7
696	0	1408	12
696	0	1669	8
697	0	261	7
697	0	1408	12
697	0	1669	8
698	0	261	7
698	0	1408	12
698	0	1669	8
699	0	261	7
699	0	1408	12
699	0	1669	8
700	0	261	7
700	0	1408	12
700	0	1669	8
701	0	261	7
701	0	1408	12
701	0	1669	8
702	0	261	7
702	0	1408	12
702	0	1669	8
703	0	261	7
703	0	1408	12
703	0	1669	8
704	0	261	7
704	0	1408	12
704	0	1669	8
705	0	261	7
705	0	1408	12
705	0	1669	8
706	0	261	7
706	0	1408	12
706	0	1669	8
707	0	261	7
707	0	1408	12
707	0	1669	8
708	0	261	7
708	0	1304	12
708	0	1617	8
709	0	261	7
709	0	1408	12
709	0	1669	8
710	0	261	7
710	0	1408	12
710	0	1669	8
711	0	261	7
711	0	1408	12
711	0	1669	8
712	0	261	7
712	0	834	12
712	0	1095	8
713	0	261	7
713	0	1408	12
713	0	1669	8
714	0	261	7
714	0	1408	12
714	0	1669	8
715	0	261	7
715	0	1356	12
715	0	1617	8
716	0	261	7
716	0	1408	12
716	0	1669	8
717	0	261	7
717	0	1408	12
717	0	1669	8
718	0	261	7
718	0	1408	12
718	0	1669	8
719	0	261	7
719	0	1408	12
719	0	1669	8
720	0	261	7
720	0	1408	12
720	0	1669	8
721	0	261	7
721	0	1408	12
721	0	1669	8
722	0	261	7
722	0	1408	12
722	0	1669	8
723	0	261	7
723	0	1408	12
723	0	1669	8
724	0	261	7
724	0	1408	12
724	0	1669	8
725	0	261	7
725	0	1408	12
725	0	1669	8
726	0	261	7
726	0	887	12
726	0	1200	8
727	0	261	7
727	0	1408	12
727	0	1669	8
728	0	261	7
728	0	1408	12
728	0	1669	8
729	0	261	7
729	0	1408	12
729	0	1669	8
730	0	261	7
730	0	1408	12
730	0	1669	8
731	0	261	7
731	0	939	12
731	0	1617	8
732	0	261	7
732	0	1408	12
732	0	1669	8
733	0	261	7
733	0	1408	12
733	0	1669	8
734	0	261	7
734	0	1408	12
734	0	1669	8
735	0	261	7
735	0	1408	12
735	0	1669	8
736	0	261	7
736	0	1408	12
736	0	1669	8
737	0	261	7
737	0	1408	12
737	0	1669	8
738	0	261	7
738	0	1200	12
738	0	1461	8
739	0	261	7
739	0	1408	12
739	0	1669	8
740	0	261	7
740	0	1408	12
740	0	1669	8
741	0	261	7
741	0	1408	12
741	0	1669	8
742	0	261	7
742	0	1408	12
742	0	1669	8
743	0	261	7
743	0	1408	12
743	0	1669	8
744	0	261	7
744	0	1408	12
744	0	1669	8
745	0	261	7
745	0	1408	12
745	0	1669	8
746	0	261	7
746	0	1408	12
746	0	1669	8
747	0	261	7
747	0	1408	12
747	0	1669	8
748	0	261	7
748	0	1408	12
748	0	1669	8
749	0	261	7
749	0	1408	12
749	0	1669	8
750	0	261	7
750	0	1408	12
750	0	1669	8
751	0	261	7
751	0	1408	12
751	0	1669	8
752	0	261	7
752	0	1408	12
752	0	1669	8
753	0	261	7
753	0	1408	12
753	0	1669	8
754	0	261	7
754	0	1408	12
754	0	1669	8
755	0	261	7
755	0	1304	12
755	0	1617	8
756	0	261	7
756	0	1408	12
756	0	1669	8
757	0	261	7
757	0	1408	12
757	0	1669	8
758	0	261	7
758	0	1408	12
758	0	1669	8
759	0	261	7
759	0	1408	12
759	0	1669	8
760	0	261	7
760	0	1408	12
760	0	1669	8
761	0	261	7
761	0	1408	12
761	0	1669	8
762	0	261	7
762	0	1408	12
762	0	1669	8
763	0	261	7
763	0	1252	12
763	0	1617	8
764	0	261	7
764	0	1408	12
764	0	1669	8
765	0	261	7
765	0	1408	12
765	0	1669	8
766	0	261	7
766	0	1408	12
766	0	1669	8
767	0	261	7
767	0	1408	12
767	0	1669	8
768	0	261	7
768	0	782	12
768	0	1513	8
769	0	261	7
769	0	1408	12
769	0	1669	8
770	0	261	7
770	0	1408	12
770	0	1669	8
771	0	261	7
771	0	1408	12
771	0	1669	8
772	0	261	7
772	0	1408	12
772	0	1669	8
773	0	261	7
773	0	1408	12
773	0	1669	8
774	0	261	7
774	0	1408	12
774	0	1669	8
775	0	261	7
775	0	1408	12
775	0	1669	8
776	0	261	7
776	0	1043	12
776	0	1617	8
777	0	261	7
777	0	1408	12
777	0	1669	8
778	0	261	7
778	0	1408	12
778	0	1669	8
779	0	261	7
779	0	1408	12
779	0	1669	8
780	0	261	7
780	0	1408	12
780	0	1669	8
781	0	261	7
781	0	1408	12
781	0	1669	8
782	0	261	7
782	0	1408	12
782	0	1669	8
783	0	261	7
783	0	1408	12
783	0	1669	8
784	0	261	7
784	0	1408	12
784	0	1669	8
785	0	261	7
785	0	1408	12
785	0	1669	8
786	0	261	7
786	0	1408	12
786	0	1669	8
787	0	261	7
787	0	1408	12
787	0	1669	8
788	0	261	7
788	0	1408	12
788	0	1669	8
789	0	261	7
789	0	1408	12
789	0	1669	8
790	0	261	7
790	0	1408	12
790	0	1669	8
791	0	261	7
791	0	1408	12
791	0	1669	8
792	0	261	7
792	0	1408	12
792	0	1669	8
793	0	261	7
793	0	1408	12
793	0	1669	8
794	0	261	7
794	0	1408	12
794	0	1669	8
795	0	261	7
795	0	1408	12
795	0	1669	8
796	0	261	7
796	0	1408	12
796	0	1669	8
797	0	261	7
797	0	1356	12
797	0	1617	8
798	0	261	7
798	0	1408	12
798	0	1669	8
799	0	261	7
799	0	1408	12
799	0	1669	8
800	0	261	7
800	0	1252	12
800	0	1617	8
801	0	261	7
801	0	1356	12
801	0	1617	8
802	0	261	7
802	0	1408	12
802	0	1669	8
803	0	261	7
803	0	1408	12
803	0	1669	8
804	0	261	7
804	0	1408	12
804	0	1669	8
805	0	261	7
805	0	1148	12
805	0	1617	8
806	0	261	7
806	0	1408	12
806	0	1669	8
807	0	261	7
807	0	1408	12
807	0	1669	8
808	0	261	7
808	0	1408	12
808	0	1669	8
809	0	261	7
809	0	1408	12
809	0	1669	8
810	0	261	7
810	0	1408	12
810	0	1669	8
811	0	261	7
811	0	1408	12
811	0	1669	8
812	0	261	7
812	0	1408	12
812	0	1669	8
813	0	261	7
813	0	1408	12
813	0	1669	8
814	0	261	7
814	0	1408	12
814	0	1669	8
815	0	261	7
815	0	1408	12
815	0	1669	8
816	0	261	7
816	0	1408	12
816	0	1669	8
817	0	261	7
817	0	1408	12
817	0	1669	8
818	0	261	7
818	0	834	12
818	0	1095	8
819	0	261	7
819	0	1408	12
819	0	1669	8
820	0	261	7
820	0	1408	12
820	0	1669	8
821	0	261	7
821	0	1408	12
821	0	1669	8
822	0	261	7
822	0	1200	12
822	0	1617	8
823	0	261	7
823	0	521	12
823	0	939	8
824	0	261	7
824	0	1408	12
824	0	1669	8
825	0	261	7
825	0	1408	12
825	0	1669	8
826	0	261	7
826	0	1408	12
826	0	1669	8
827	0	261	7
827	0	1408	12
827	0	1669	8
828	0	261	7
828	0	1408	12
828	0	1669	8
829	0	261	7
829	0	1408	12
829	0	1669	8
830	0	261	7
830	0	1408	12
830	0	1669	8
831	0	261	7
831	0	1408	12
831	0	1669	8
832	0	261	7
832	0	1408	12
832	0	1669	8
833	0	261	7
833	0	1408	12
833	0	1669	8
834	0	261	7
834	0	1408	12
834	0	1669	8
835	0	261	7
835	0	1408	12
835	0	1669	8
836	0	261	7
836	0	1408	12
836	0	1669	8
837	0	261	7
837	0	1408	12
837	0	1669	8
838	0	261	7
838	0	1408	12
838	0	1669	8
839	0	261	7
839	0	1408	12
839	0	1669	8
840	0	261	7
840	0	1408	12
840	0	1669	8
841	0	261	7
841	0	1408	12
841	0	1669	8
842	0	261	7
842	0	1408	12
842	0	1669	8
843	0	261	7
843	0	1408	12
843	0	1669	8
844	0	261	7
844	0	1148	12
844	0	1617	8
845	0	261	7
845	0	1408	12
845	0	1669	8
846	0	261	7
846	0	1043	12
846	0	1304	8
847	0	261	7
847	0	1408	12
847	0	1669	8
848	0	261	7
848	0	939	12
848	0	1617	8
849	0	261	7
849	0	1408	12
849	0	1669	8
850	0	261	7
850	0	1408	12
850	0	1669	8
851	0	261	7
851	0	1408	12
851	0	1669	8
852	0	261	7
852	0	1408	12
852	0	1669	8
853	0	261	7
853	0	1408	12
853	0	1669	8
854	0	261	7
854	0	1408	12
854	0	1669	8
855	0	261	7
855	0	678	12
855	0	1513	8
856	0	261	7
856	0	1408	12
856	0	1669	8
857	0	261	7
857	0	1408	12
857	0	1669	8
858	0	261	7
858	0	1408	12
858	0	1669	8
859	0	261	7
859	0	1408	12
859	0	1669	8
860	0	261	7
860	0	1408	12
860	0	1669	8
861	0	261	7
861	0	1356	12
861	0	1617	8
862	0	261	7
862	0	1408	12
862	0	1669	8
863	0	261	7
863	0	1252	12
863	0	1513	8
864	0	261	7
864	0	1408	12
864	0	1669	8
865	0	261	7
865	0	1408	12
865	0	1669	8
866	0	261	7
866	0	1408	12
866	0	1669	8
867	0	261	7
867	0	1408	12
867	0	1669	8
868	0	261	7
868	0	1408	12
868	0	1669	8
869	0	261	7
869	0	1408	12
869	0	1669	8
870	0	261	7
870	0	1408	12
870	0	1669	8
871	0	261	7
871	0	1408	12
871	0	1669	8
872	0	261	7
872	0	1408	12
872	0	1669	8
873	0	261	7
873	0	1408	12
873	0	1669	8
874	0	261	7
874	0	1252	12
874	0	1617	8
875	0	261	7
875	0	1408	12
875	0	1669	8
876	0	261	7
876	0	1408	12
876	0	1669	8
877	0	261	7
877	0	1408	12
877	0	1669	8
878	0	261	7
878	0	1356	12
878	0	1617	8
879	0	261	7
879	0	1408	12
879	0	1669	8
880	0	261	7
880	0	1408	12
880	0	1669	8
881	0	261	7
881	0	1408	12
881	0	1669	8
882	0	261	7
882	0	1408	12
882	0	1669	8
883	0	261	7
883	0	1408	12
883	0	1669	8
884	0	261	7
884	0	1408	12
884	0	1669	8
885	0	261	7
885	0	1408	12
885	0	1669	8
886	0	261	7
886	0	1408	12
886	0	1669	8
887	0	261	7
887	0	1408	12
887	0	1669	8
888	0	261	7
888	0	1408	12
888	0	1669	8
889	0	261	7
889	0	1408	12
889	0	1669	8
890	0	261	7
890	0	1408	12
890	0	1669	8
891	0	261	7
891	0	730	12
891	0	1095	8
892	0	261	7
892	0	1408	12
892	0	1669	8
893	0	261	7
893	0	939	12
893	0	1617	8
894	0	261	7
894	0	1408	12
894	0	1669	8
895	0	261	7
895	0	1408	12
895	0	1669	8
896	0	261	7
896	0	1408	12
896	0	1669	8
897	0	261	7
897	0	521	12
897	0	1043	8
898	0	261	7
898	0	1408	12
898	0	1669	8
899	0	261	7
899	0	1408	12
899	0	1669	8
900	0	261	7
900	0	1408	12
900	0	1669	8
901	0	261	7
901	0	939	12
901	0	1617	8
902	0	261	7
902	0	1252	12
902	0	1617	8
903	0	261	7
903	0	1408	12
903	0	1669	8
904	0	261	7
904	0	834	12
904	0	1617	8
905	0	261	7
905	0	1408	12
905	0	1669	8
906	0	261	7
906	0	1043	12
906	0	1304	8
907	0	261	7
907	0	1408	12
907	0	1669	8
908	0	261	7
908	0	1408	12
908	0	1669	8
909	0	261	7
909	0	1408	12
909	0	1669	8
910	0	261	7
910	0	1408	12
910	0	1669	8
911	0	261	7
911	0	1408	12
911	0	1669	8
912	0	261	7
912	0	1408	12
912	0	1669	8
913	0	261	7
913	0	1408	12
913	0	1669	8
914	0	261	7
914	0	887	12
914	0	1252	8
915	0	261	7
915	0	1408	12
915	0	1669	8
916	0	261	7
916	0	1408	12
916	0	1669	8
917	0	261	7
917	0	1408	12
917	0	1669	8
918	0	261	7
918	0	1252	12
918	0	1617	8
919	0	261	7
919	0	1252	12
919	0	1617	8
920	0	261	7
920	0	1408	12
920	0	1669	8
921	0	261	7
921	0	1408	12
921	0	1669	8
922	0	261	7
922	0	991	12
922	0	1617	8
923	0	261	7
923	0	1408	12
923	0	1669	8
924	0	261	7
924	0	1408	12
924	0	1669	8
925	0	261	7
925	0	1408	12
925	0	1669	8
926	0	261	7
926	0	1408	12
926	0	1669	8
927	0	261	7
927	0	1408	12
927	0	1669	8
928	0	261	7
928	0	834	12
928	0	1565	8
929	0	261	7
929	0	1408	12
929	0	1669	8
930	0	261	7
930	0	1252	12
930	0	1617	8
931	0	261	7
931	0	1408	12
931	0	1669	8
932	0	261	7
932	0	1408	12
932	0	1669	8
933	0	261	7
933	0	991	12
933	0	1617	8
934	0	261	7
934	0	1408	12
934	0	1669	8
935	0	261	7
935	0	1408	12
935	0	1669	8
936	0	261	7
936	0	1408	12
936	0	1669	8
937	0	261	7
937	0	1408	12
937	0	1669	8
938	0	261	7
938	0	1408	12
938	0	1669	8
939	0	261	7
939	0	1408	12
939	0	1669	8
940	0	261	7
940	0	1408	12
940	0	1669	8
941	0	261	7
941	0	1304	12
941	0	1617	8
942	0	261	7
942	0	1304	12
942	0	1617	8
943	0	261	7
943	0	1408	12
943	0	1669	8
944	0	261	7
944	0	1304	12
944	0	1565	8
945	0	261	7
945	0	1304	12
945	0	1565	8
946	0	261	7
946	0	1408	12
946	0	1669	8
947	0	261	7
947	0	1408	12
947	0	1669	8
948	0	261	7
948	0	1408	12
948	0	1669	8
949	0	261	7
949	0	1408	12
949	0	1669	8
950	0	261	7
950	0	1408	12
950	0	1669	8
951	0	261	7
951	0	1408	12
951	0	1669	8
952	0	261	7
952	0	1408	12
952	0	1669	8
953	0	261	7
953	0	1408	12
953	0	1669	8
954	0	261	7
954	0	1408	12
954	0	1669	8
955	0	261	7
955	0	1408	12
955	0	1669	8
956	0	261	7
956	0	1408	12
956	0	1669	8
957	0	261	7
957	0	1408	12
957	0	1669	8
958	0	261	7
958	0	1408	12
958	0	1669	8
959	0	261	7
959	0	1408	12
959	0	1669	8
960	0	261	7
960	0	1408	12
960	0	1669	8
961	0	261	7
961	0	1408	12
961	0	1669	8
962	0	261	7
962	0	1252	12
962	0	1617	8
963	0	261	7
963	0	1408	12
963	0	1669	8
964	0	261	7
964	0	1408	12
964	0	1669	8
965	0	261	7
965	0	1408	12
965	0	1669	8
966	0	261	7
966	0	1408	12
966	0	1669	8
967	0	261	7
967	0	1408	12
967	0	1669	8
968	0	261	7
968	0	1356	12
968	0	1617	8
969	0	261	7
969	0	1408	12
969	0	1669	8
970	0	261	7
970	0	1408	12
970	0	1669	8
971	0	261	7
971	0	1408	12
971	0	1669	8
972	0	261	7
972	0	1408	12
972	0	1669	8
973	0	261	7
973	0	1408	12
973	0	1669	8
974	0	261	7
974	0	1408	12
974	0	1669	8
975	0	261	7
975	0	1408	12
975	0	1669	8
976	0	261	7
976	0	1408	12
976	0	1669	8
977	0	261	7
977	0	1408	12
977	0	1669	8
978	0	261	7
978	0	1408	12
978	0	1669	8
979	0	261	7
979	0	1408	12
979	0	1669	8
980	0	261	7
980	0	1408	12
980	0	1669	8
981	0	261	7
981	0	1408	12
981	0	1669	8
982	0	261	7
982	0	1408	12
982	0	1669	8
983	0	261	7
983	0	1408	12
983	0	1669	8
984	0	261	7
984	0	1408	12
984	0	1669	8
985	0	261	7
985	0	1200	12
985	0	1617	8
986	0	261	7
986	0	1408	12
986	0	1669	8
987	0	261	7
987	0	1408	12
987	0	1669	8
988	0	261	7
988	0	1408	12
988	0	1669	8
989	0	261	7
989	0	1408	12
989	0	1669	8
990	0	261	7
990	0	1408	12
990	0	1669	8
991	0	261	7
991	0	1408	12
991	0	1669	8
992	0	261	7
992	0	1408	12
992	0	1669	8
993	0	261	7
993	0	1408	12
993	0	1669	8
994	0	261	7
994	0	1408	12
994	0	1669	8
995	0	261	7
995	0	1408	12
995	0	1669	8
996	0	261	7
996	0	1408	12
996	0	1669	8
997	0	261	7
997	0	1200	12
997	0	1617	8
998	0	261	7
998	0	1408	12
998	0	1669	8
999	0	261	7
999	0	1408	12
999	0	1669	8
0	1	261	11
1	1	261	11
2	1	261	11
3	1	261	11
4	1	261	11
5	1	261	11
6	1	261	11
7	1	261	11
8	1	261	11
9	1	261	11
10	1	261	11
11	1	261	11
12	1	261	11
13	1	261	11
14	1	261	11
15	1	261	11
16	1	261	11
17	1	261	11
18	1	261	11
19	1	261	11
20	1	261	11
21	1	261	11
22	1	261	11
23	1	261	11
24	1	261	11
25	1	261	11
26	1	261	11
27	1	261	11
28	1	261	11
29	1	261	11
30	1	261	11
31	1	261	11
32	1	261	11
33	1	261	11
34	1	261	11
35	1	261	11
36	1	261	11
37	1	261	11
38	1	261	11
39	1	261	11
40	1	261	11
41	1	261	11
42	1	261	11
43	1	261	11
44	1	261	11
45	1	261	11
46	1	261	11
47	1	261	11
48	1	261	11
49	1	261	11
50	1	261	11
51	1	261	11
52	1	261	11
53	1	261	11
54	1	261	11
55	1	261	11
56	1	261	11
57	1	261	11
58	1	261	11
59	1	261	11
60	1	261	11
61	1	261	11
62	1	261	11
63	1	261	11
64	1	261	11
65	1	261	11
66	1	261	11
67	1	261	11
68	1	261	11
69	1	261	11
70	1	261	11
71	1	261	11
72	1	261	11
73	1	261	11
74	1	261	11
75	1	261	11
76	1	261	11
77	1	261	11
78	1	261	11
79	1	261	11
80	1	261	11
81	1	261	11
82	1	261	11
83	1	261	11
84	1	261	11
85	1	261	11
86	1	261	11
87	1	261	11
88	1	261	11
89	1	261	11
90	1	261	11
91	1	261	11
92	1	261	11
93	1	261	11
94	1	261	11
95	1	261	11
96	1	261	11
97	1	261	11
98	1	261	11
99	1	261	11
100	1	261	11
101	1	261	11
102	1	261	11
103	1	261	11
104	1	261	11
105	1	261	11
106	1	261	11
107	1	261	11
108	1	261	11
109	1	261	11
110	1	261	11
111	1	261	11
112	1	261	11
113	1	261	11
114	1	261	11
115	1	261	11
116	1	261	11
117	1	261	11
118	1	261	11
119	1	261	11
120	1	261	11
121	1	261	11
122	1	261	11
123	1	261	11
124	1	261	11
125	1	261	11
126	1	261	11
127	1	261	11
128	1	261	11
129	1	261	11
130	1	261	11
131	1	261	11
132	1	261	11
133	1	261	11
134	1	261	11
135	1	261	11
136	1	261	11
137	1	261	11
138	1	261	11
139	1	261	11
140	1	261	11
141	1	261	11
142	1	261	11
143	1	261	11
144	1	261	11
145	1	261	11
146	1	261	11
147	1	261	11
148	1	261	11
149	1	261	11
150	1	261	11
151	1	261	11
152	1	261	11
153	1	261	11
154	1	261	11
155	1	261	11
156	1	261	11
157	1	261	11
158	1	261	11
159	1	261	11
160	1	261	11
161	1	261	11
162	1	261	11
163	1	261	11
164	1	261	11
165	1	261	11
166	1	261	11
167	1	261	11
168	1	261	11
169	1	261	11
170	1	261	11
171	1	261	11
172	1	261	11
173	1	261	11
174	1	261	11
175	1	261	11
176	1	261	11
177	1	261	11
178	1	261	11
179	1	261	11
180	1	261	11
181	1	261	11
182	1	261	11
183	1	261	11
184	1	261	11
185	1	261	11
186	1	261	11
187	1	261	11
188	1	261	11
189	1	261	11
190	1	261	11
191	1	261	11
192	1	261	11
193	1	261	11
194	1	261	11
195	1	261	11
196	1	261	11
197	1	261	11
198	1	261	11
199	1	261	11
200	1	261	11
201	1	261	11
202	1	261	11
203	1	261	11
204	1	261	11
205	1	261	11
206	1	261	11
207	1	261	11
208	1	261	11
209	1	261	11
210	1	261	11
211	1	261	11
212	1	261	11
213	1	261	11
214	1	261	11
215	1	261	11
216	1	261	11
217	1	261	11
218	1	261	11
219	1	261	11
220	1	261	11
221	1	261	11
222	1	261	11
223	1	261	11
224	1	261	11
225	1	261	11
226	1	261	11
227	1	261	11
228	1	261	11
229	1	261	11
230	1	261	11
231	1	261	11
232	1	261	11
233	1	261	11
234	1	261	11
235	1	261	11
236	1	261	11
237	1	261	11
238	1	261	11
239	1	261	11
240	1	261	11
241	1	261	11
242	1	261	11
243	1	261	11
244	1	261	11
245	1	261	11
246	1	261	11
247	1	261	11
248	1	261	11
249	1	261	11
250	1	261	11
251	1	261	11
252	1	261	11
253	1	261	11
254	1	261	11
255	1	261	11
256	1	261	11
257	1	261	11
258	1	261	11
259	1	261	11
260	1	261	11
261	1	261	11
262	1	261	11
263	1	261	11
264	1	261	11
265	1	261	11
266	1	261	11
267	1	261	11
268	1	261	11
269	1	261	11
270	1	261	11
271	1	261	11
272	1	261	11
273	1	261	11
274	1	261	11
275	1	261	11
276	1	261	11
277	1	261	11
278	1	261	11
279	1	261	11
280	1	261	11
281	1	261	11
282	1	261	11
283	1	261	11
284	1	261	11
285	1	261	11
286	1	261	11
287	1	261	11
288	1	261	11
289	1	261	11
290	1	261	11
291	1	261	11
292	1	261	11
293	1	261	11
294	1	261	11
295	1	261	11
296	1	261	11
297	1	261	11
298	1	261	11
299	1	261	11
300	1	261	11
301	1	261	11
302	1	261	11
303	1	261	11
304	1	261	11
305	1	261	11
306	1	261	11
307	1	261	11
308	1	261	11
309	1	261	11
310	1	261	11
311	1	261	11
312	1	261	11
313	1	261	11
314	1	261	11
315	1	261	11
316	1	261	11
317	1	261	11
318	1	261	11
319	1	261	11
320	1	261	11
321	1	261	11
322	1	261	11
323	1	261	11
324	1	261	11
325	1	261	11
326	1	261	11
327	1	261	11
328	1	261	11
329	1	261	11
330	1	261	11
331	1	261	11
332	1	261	11
333	1	261	11
334	1	261	11
335	1	261	11
336	1	261	11
337	1	261	11
338	1	261	11
339	1	261	11
340	1	261	11
341	1	261	11
342	1	261	11
343	1	261	11
344	1	261	11
345	1	261	11
346	1	261	11
347	1	261	11
348	1	261	11
349	1	261	11
350	1	261	11
351	1	261	11
352	1	261	11
353	1	261	11
354	1	261	11
355	1	261	11
356	1	261	11
357	1	261	11
358	1	261	11
359	1	261	11
360	1	261	11
361	1	261	11
362	1	261	11
363	1	261	11
364	1	261	11
365	1	261	11
366	1	261	11
367	1	261	11
368	1	261	11
369	1	261	11
370	1	261	11
371	1	261	11
372	1	261	11
373	1	261	11
374	1	261	11
375	1	261	11
376	1	261	11
377	1	261	11
378	1	261	11
379	1	261	11
380	1	261	11
381	1	261	11
382	1	261	11
383	1	261	11
384	1	261	11
385	1	261	11
386	1	261	11
387	1	261	11
388	1	261	11
389	1	261	11
390	1	261	11
391	1	261	11
392	1	261	11
393	1	261	11
394	1	261	11
395	1	261	11
396	1	261	11
397	1	261	11
398	1	261	11
399	1	261	11
400	1	261	11
401	1	261	11
402	1	261	11
403	1	261	11
404	1	261	11
405	1	261	11
406	1	261	11
407	1	261	11
408	1	261	11
409	1	261	11
410	1	261	11
411	1	261	11
412	1	261	11
413	1	261	11
414	1	261	11
415	1	261	11
416	1	261	11
417	1	261	11
418	1	261	11
419	1	261	11
420	1	261	11
421	1	261	11
422	1	261	11
423	1	261	11
424	1	261	11
425	1	261	11
426	1	261	11
427	1	261	11
428	1	261	11
429	1	261	11
430	1	261	11
431	1	261	11
432	1	261	11
433	1	261	11
434	1	261	11
435	1	261	11
436	1	261	11
437	1	261	11
438	1	261	11
439	1	261	11
440	1	261	11
441	1	261	11
442	1	261	11
443	1	261	11
444	1	261	11
445	1	261	11
446	1	261	11
447	1	261	11
448	1	261	11
449	1	261	11
450	1	261	11
451	1	261	11
452	1	261	11
453	1	261	11
454	1	261	11
455	1	261	11
456	1	261	11
457	1	261	11
458	1	261	11
459	1	261	11
460	1	261	11
461	1	261	11
462	1	261	11
463	1	261	11
464	1	261	11
465	1	261	11
466	1	261	11
467	1	261	11
468	1	261	11
469	1	261	11
470	1	261	11
471	1	261	11
472	1	261	11
473	1	261	11
474	1	261	11
475	1	261	11
476	1	261	11
477	1	261	11
478	1	261	11
479	1	261	11
480	1	261	11
481	1	261	11
482	1	261	11
483	1	261	11
484	1	261	11
485	1	261	11
486	1	261	11
487	1	261	11
488	1	261	11
489	1	261	11
490	1	261	11
491	1	261	11
492	1	261	11
493	1	261	11
494	1	261	11
495	1	261	11
496	1	261	11
497	1	261	11
498	1	261	11
499	1	261	11
500	1	261	11
501	1	261	11
502	1	261	11
503	1	261	11
504	1	261	11
505	1	261	11
506	1	261	11
507	1	261	11
508	1	261	11
509	1	261	11
510	1	261	11
511	1	261	11
512	1	261	11
513	1	261	11
514	1	261	11
515	1	261	11
516	1	261	11
517	1	261	11
518	1	261	11
519	1	261	11
520	1	261	11
521	1	261	11
522	1	261	11
523	1	261	11
524	1	261	11
525	1	261	11
526	1	261	11
527	1	261	11
528	1	261	11
529	1	261	11
530	1	261	11
531	1	261	11
532	1	261	11
533	1	261	11
534	1	261	11
535	1	261	11
536	1	261	11
537	1	261	11
538	1	261	11
539	1	261	11
540	1	261	11
541	1	261	11
542	1	261	11
543	1	261	11
544	1	261	11
545	1	261	11
546	1	261	11
547	1	261	11
548	1	261	11
549	1	261	11
550	1	261	11
551	1	261	11
552	1	261	11
553	1	261	11
554	1	261	11
555	1	261	11
556	1	261	11
557	1	261	11
558	1	261	11
559	1	261	11
560	1	261	11
561	1	261	11
562	1	261	11
563	1	261	11
564	1	261	11
565	1	261	11
566	1	261	11
567	1	261	11
568	1	261	11
569	1	261	11
570	1	261	11
571	1	261	11
572	1	261	11
573	1	261	11
574	1	261	11
575	1	261	11
576	1	261	11
577	1	261	11
578	1	261	11
579	1	261	11
580	1	261	11
581	1	261	11
582	1	261	11
583	1	261	11
584	1	261	11
585	1	261	11
586	1	261	11
587	1	261	11
588	1	261	11
589	1	261	11
590	1	261	11
591	1	261	11
592	1	261	11
593	1	261	11
594	1	261	11
595	1	261	11
596	1	261	11
597	1	261	11
598	1	261	11
599	1	261	11
600	1	261	11
601	1	261	11
602	1	261	11
603	1	261	11
604	1	261	11
605	1	261	11
606	1	261	11
607	1	261	11
608	1	261	11
609	1	261	11
610	1	261	11
611	1	261	11
612	1	261	11
613	1	261	11
614	1	261	11
615	1	261	11
616	1	261	11
617	1	261	11
618	1	261	11
619	1	261	11
620	1	261	11
621	1	261	11
622	1	261	11
623	1	261	11
624	1	261	11
625	1	261	11
626	1	261	11
627	1	261	11
628	1	261	11
629	1	261	11
630	1	261	11
631	1	261	11
632	1	261	11
633	1	261	11
634	1	261	11
635	1	261	11
636	1	261	11
637	1	261	11
638	1	261	11
639	1	261	11
640	1	261	11
641	1	261	11
642	1	261	11
643	1	261	11
644	1	261	11
645	1	261	11
646	1	261	11
647	1	261	11
648	1	261	11
649	1	261	11
650	1	261	11
651	1	261	11
652	1	261	11
653	1	261	11
654	1	261	11
655	1	261	11
656	1	261	11
657	1	261	11
658	1	261	11
659	1	261	11
660	1	261	11
661	1	261	11
662	1	261	11
663	1	261	11
664	1	261	11
665	1	261	11
666	1	261	11
667	1	261	11
668	1	261	11
669	1	261	11
670	1	261	11
671	1	261	11
672	1	261	11
673	1	261	11
674	1	261	11
675	1	261	11
676	1	261	11
677	1	261	11
678	1	261	11
679	1	261	11
680	1	261	11
681	1	261	11
682	1	261	11
683	1	261	11
684	1	261	11
685	1	261	11
686	1	261	11
687	1	261	11
688	1	261	11
689	1	261	11
690	1	261	11
691	1	261	11
692	1	261	11
693	1	261	11
694	1	261	11
695	1	261	11
696	1	261	11
697	1	261	11
698	1	261	11
699	1	261	11
700	1	261	11
701	1	261	11
702	1	261	11
703	1	261	11
704	1	261	11
705	1	261	11
706	1	261	11
707	1	261	11
708	1	261	11
709	1	261	11
710	1	261	11
711	1	261	11
712	1	261	11
713	1	261	11
714	1	261	11
715	1	261	11
716	1	261	11
717	1	261	11
718	1	261	11
719	1	261	11
720	1	261	11
721	1	261	11
722	1	261	11
723	1	261	11
724	1	261	11
725	1	261	11
726	1	261	11
727	1	261	11
728	1	261	11
729	1	261	11
730	1	261	11
731	1	261	11
732	1	261	11
733	1	261	11
734	1	261	11
735	1	261	11
736	1	261	11
737	1	261	11
738	1	261	11
739	1	261	11
740	1	261	11
741	1	261	11
742	1	261	11
743	1	261	11
744	1	261	11
745	1	261	11
746	1	261	11
747	1	261	11
748	1	261	11
749	1	261	11
750	1	261	11
751	1	261	11
752	1	261	11
753	1	261	11
754	1	261	11
755	1	261	11
756	1	261	11
757	1	261	11
758	1	261	11
759	1	261	11
760	1	261	11
761	1	261	11
762	1	261	11
763	1	261	11
764	1	261	11
765	1	261	11
766	1	261	11
767	1	261	11
768	1	261	11
769	1	261	11
770	1	261	11
771	1	261	11
772	1	261	11
773	1	261	11
774	1	261	11
775	1	261	11
776	1	261	11
777	1	261	11
778	1	261	11
779	1	261	11
780	1	261	11
781	1	261	11
782	1	261	11
783	1	261	11
784	1	261	11
785	1	261	11
786	1	261	11
787	1	261	11
788	1	261	11
789	1	261	11
790	1	261	11
791	1	261	11
792	1	261	11
793	1	261	11
794	1	261	11
795	1	261	11
796	1	261	11
797	1	261	11
798	1	261	11
799	1	261	11
800	1	261	11
801	1	261	11
802	1	261	11
803	1	261	11
804	1	261	11
805	1	261	11
806	1	261	11
807	1	261	11
808	1	261	11
809	1	261	11
810	1	261	11
811	1	261	11
812	1	261	11
813	1	261	11
814	1	261	11
815	1	261	11
816	1	261	11
817	1	261	11
818	1	261	11
819	1	261	11
820	1	261	11
821	1	261	11
822	1	261	11
823	1	261	11
824	1	261	11
825	1	261	11
826	1	261	11
827	1	261	11
828	1	261	11
829	1	261	11
830	1	261	11
831	1	261	11
832	1	261	11
833	1	261	11
834	1	261	11
835	1	261	11
836	1	261	11
837	1	261	11
838	1	261	11
839	1	261	11
840	1	261	11
841	1	261	11
842	1	261	11
843	1	261	11
844	1	261	11
845	1	261	11
846	1	261	11
847	1	261	11
848	1	261	11
849	1	261	11
850	1	261	11
851	1	261	11
852	1	261	11
853	1	261	11
854	1	261	11
855	1	261	11
856	1	261	11
857	1	261	11
858	1	261	11
859	1	261	11
860	1	261	11
861	1	261	11
862	1	261	11
863	1	261	11
864	1	261	11
865	1	261	11
866	1	261	11
867	1	261	11
868	1	261	11
869	1	261	11
870	1	261	11
871	1	261	11
872	1	261	11
873	1	261	11
874	1	261	11
875	1	261	11
876	1	261	11
877	1	261	11
878	1	261	11
879	1	261	11
880	1	261	11
881	1	261	11
882	1	261	11
883	1	261	11
884	1	261	11
885	1	261	11
886	1	261	11
887	1	261	11
888	1	261	11
889	1	261	11
890	1	261	11
891	1	261	11
892	1	261	11
893	1	261	11
894	1	261	11
895	1	261	11
896	1	261	11
897	1	261	11
898	1	261	11
899	1	261	11
900	1	261	11
901	1	261	11
902	1	261	11
903	1	261	11
904	1	261	11
905	1	261	11
906	1	261	11
907	1	261	11
908	1	261	11
909	1	261	11
910	1	261	11
911	1	261	11
912	1	261	11
913	1	261	11
914	1	261	11
915	1	261	11
916	1	261	11
917	1	261	11
918	1	261	11
919	1	261	11
920	1	261	11
921	1	261	11
922	1	261	11
923	1	261	11
924	1	261	11
925	1	261	11
926	1	261	11
927	1	261	11
928	1	261	11
929	1	261	11
930	1	261	11
931	1	261	11
932	1	261	11
933	1	261	11
934	1	261	11
935	1	261	11
936	1	261	11
937	1	261	11
938	1	261	11
939	1	261	11
940	1	261	11
941	1	261	11
942	1	261	11
943	1	261	11
944	1	261	11
945	1	261	11
946	1	261	11
947	1	261	11
948	1	261	11
949	1	261	11
950	1	261	11
951	1	261	11
952	1	261	11
953	1	261	11
954	1	261	11
955	1	261	11
956	1	261	11
957	1	261	11
958	1	261	11
959	1	261	11
960	1	261	11
961	1	261	11
962	1	261	11
963	1	261	11
964	1	261	11
965	1	261	11
966	1	261	11
967	1	261	11
968	1	261	11
969	1	261	11
970	1	261	11
971	1	261	11
972	1	261	11
973	1	261	11
974	1	261	11
975	1	261	11
976	1	261	11
977	1	261	11
978	1	261	11
979	1	261	11
980	1	261	11
981	1	261	11
982	1	261	11
983	1	261	11
984	1	261	11
985	1	261	11
986	1	261	11
987	1	261	11
988	1	261	11
989	1	261	11
990	1	261	11
991	1	261	11
992	1	261	11
993	1	261	11
994	1	261	11
995	1	261	11
996	1	261	11
997	1	261	11
998	1	261	11
999	1	261	11
